<?xml version="1.0" encoding="UTF-8"?>
<!-- Generated by org.testng.reporters.JUnitXMLReporter -->
<testsuite ignored="0" hostname="DESKTOP-36TQ139" failures="1" tests="5" name="Edge" time="163.916" errors="0" timestamp="2024-02-17T17:49:16 EET">
  <testcase classname="com.google.tests.N_0001_SearchResultsClickingSearchButtonUnderSearchFieldTest" name="searchResultsClickingSearchButtonUnderSearchField" time="8.087"/>
  <testcase classname="com.google.tests.N_0002_SearchResultsClickingSearchButtonOnDropDownMenuTest" name="searchResultsClickingSearchButtonOnDropDownMenu" time="1.585"/>
  <testcase classname="com.google.tests.N_0003_SearchResultsClickingEnterButtonTest" name="searchResultsClickingEnterButton" time="2.166"/>
  <testcase classname="com.google.tests.N_0004_ClickSearchButtonWhenSearchFieldIsEmptyTest" name="clickSearchButtonWhenSearchFieldIsEmpty" time="0.849"/>
  <testcase classname="com.google.tests.N_0005_CountSearchResultTest" name="countSearchResult" time="131.694">
    <failure type="java.lang.AssertionError" message="expected [247] but found [226]">
      <![CDATA[java.lang.AssertionError: expected [247] but found [226]
at com.google.actionHelpers.CountSearchResult.countAndEqualsSearchResults(CountSearchResult.java:17)
at com.google.tests.N_0005_CountSearchResultTest.countSearchResult(N_0005_CountSearchResultTest.java:34)
at java.base/java.util.ArrayList.forEach(ArrayList.java:1596)
at java.base/java.util.concurrent.FutureTask.run(FutureTask.java:317)
at java.base/java.util.concurrent.ThreadPoolExecutor.runWorker(ThreadPoolExecutor.java:1144)
at java.base/java.util.concurrent.ThreadPoolExecutor$Worker.run(ThreadPoolExecutor.java:642)
at java.base/java.lang.Thread.run(Thread.java:1583)
... Removed 22 stack frames]]>
    </failure>
  </testcase> <!-- countSearchResult -->
</testsuite> <!-- Edge -->
